Command line:
   spi_tb_isim_beh.exe
     -simmode  gui
     -simrunnum  0
     -socket  49770

Tue Sep 11 23:09:10 2018


 Elaboration Time: 0.0312 sec

 Current Memory Usage: 667.185 Meg

 Total Signals          : 18
 Total Nets             : 26
 Total Signal Drivers   : 12
 Total Blocks           : 4
 Total Primitive Blocks : 3
 Total Processes        : 3
 Total Traceable Variables  : 16
 Total Scalar Nets and Variables : 512
Total Line Count : 48
Total Line Count : 48
Total Line Count : 48

 Total Simulation Time: 0.218402 sec

 Current Memory Usage: 824.472 Meg

Tue Sep 11 23:11:16 2018

